<?xml version="1.0" encoding="UTF-8" standalone="no"?>
<testsuite failures="0" name="cucumber.runtime.formatter.JUnitFormatter" skipped="0" tests="9" time="82.415451">
<testcase classname="This is working examples" name="This is sceanario to match the first one and get Cucumber to give us a stub implementation of the second one." time="0.120112">
<system-out><![CDATA[Given I have a cucumber step................................................passed
]]></system-out>
</testcase>
<testcase classname="This is working examples" name="The sum of a list of numbers should be calculated &lt;Using Simple List&gt;" time="0.003672">
<system-out><![CDATA[Given a list of numbers.....................................................passed
Then I should get 4770......................................................passed
]]></system-out>
</testcase>
<testcase classname="This is working examples" name="A price list can be represented as price per item &lt;Using Maps&gt;" time="0.002499">
<system-out><![CDATA[Given the price list for a coffee shop......................................passed
When I order 1 coffee and 1 donut...........................................passed
Then should I pay 3.........................................................passed
]]></system-out>
</testcase>
<testcase classname="This is working examples" name="List of domain objects &lt;Instead of Data Table - Using List&gt;" time="0.022988">
<system-out><![CDATA[Given I have the following order using list.................................passed
Then I purchase 4 cucumber and 6 potato.....................................passed
Then My cost is 14..........................................................passed
]]></system-out>
</testcase>
<testcase classname="Test Login feature of mercury website." name="Mercury Login test with scenario &amp; multiple logins" time="38.471096">
<system-out><![CDATA[Given user launch browser...................................................passed
Then user opens application page............................................passed
Then user enters Credentials to LogIn.......................................passed
]]></system-out>
</testcase>
<testcase classname="Test Login feature of mercury website." name="Launch the browser" time="4.695738">
<system-out><![CDATA[Given user launch browser...................................................passed
Then user opens application page............................................passed
]]></system-out>
</testcase>
<testcase classname="Test Login feature of mercury website." name="Login test with scenario outline &amp; multiple logins" time="17.254682">
<system-out><![CDATA[When user logins with Username "a" and Password "a".........................passed
Then user logins successfullly..............................................passed
]]></system-out>
</testcase>
<testcase classname="Test Login feature of mercury website." name="Login test with scenario outline &amp; multiple logins 2" time="14.907718">
<system-out><![CDATA[When user logins with Username "b" and Password "b".........................passed
Then user logins successfullly..............................................passed
]]></system-out>
</testcase>
<testcase classname="Register a new user" name="Create a new user" time="6.936946">
<system-out><![CDATA[Given Im on registration page...............................................passed
When Provide all valid values...............................................passed
Then user registration is successful with ("d").............................passed
]]></system-out>
</testcase>
</testsuite>
