<?xml version="1.0" encoding="UTF-8"?>
<testsuite name="TestSuite" time="0.156" tests="4" errors="0" skipped="0" failures="3">
  <properties>
    <property name="java.runtime.name" value="Java(TM) SE Runtime Environment"/>
    <property name="sun.boot.library.path" value="/usr/lib/jvm/java-8-oracle/jre/lib/amd64"/>
    <property name="java.vm.version" value="25.151-b12"/>
    <property name="java.vm.vendor" value="Oracle Corporation"/>
    <property name="maven.multiModuleProjectDirectory" value="/home/varun.gupta/TestGIT/Cucumber/cucumber-jvm-maven-TestNG"/>
    <property name="java.vendor.url" value="http://java.oracle.com/"/>
    <property name="path.separator" value=":"/>
    <property name="guice.disable.misplaced.annotation.check" value="true"/>
    <property name="java.vm.name" value="Java HotSpot(TM) 64-Bit Server VM"/>
    <property name="file.encoding.pkg" value="sun.io"/>
    <property name="user.country" value="IN"/>
    <property name="sun.java.launcher" value="SUN_STANDARD"/>
    <property name="sun.os.patch.level" value="unknown"/>
    <property name="java.vm.specification.name" value="Java Virtual Machine Specification"/>
    <property name="user.dir" value="/home/varun.gupta/TestGIT/Cucumber/cucumber-jvm-maven-TestNG"/>
    <property name="java.runtime.version" value="1.8.0_151-b12"/>
    <property name="java.awt.graphicsenv" value="sun.awt.X11GraphicsEnvironment"/>
    <property name="java.endorsed.dirs" value="/usr/lib/jvm/java-8-oracle/jre/lib/endorsed"/>
    <property name="os.arch" value="amd64"/>
    <property name="java.io.tmpdir" value="/tmp"/>
    <property name="line.separator" value="&#10;"/>
    <property name="java.vm.specification.vendor" value="Oracle Corporation"/>
    <property name="os.name" value="Linux"/>
    <property name="classworlds.conf" value="/home/varun.gupta/eclipse-workspace/.metadata/.plugins/org.eclipse.m2e.launching/launches/m2conf8139926569621599508.tmp"/>
    <property name="sun.jnu.encoding" value="UTF-8"/>
    <property name="java.library.path" value="/usr/java/packages/lib/amd64:/usr/lib64:/lib64:/lib:/usr/lib"/>
    <property name="java.specification.name" value="Java Platform API Specification"/>
    <property name="java.class.version" value="52.0"/>
    <property name="sun.management.compiler" value="HotSpot 64-Bit Tiered Compilers"/>
    <property name="os.version" value="4.10.0-28-generic"/>
    <property name="user.home" value="/home/varun.gupta"/>
    <property name="user.timezone" value="Asia/Kolkata"/>
    <property name="java.awt.printerjob" value="sun.print.PSPrinterJob"/>
    <property name="file.encoding" value="UTF-8"/>
    <property name="java.specification.version" value="1.8"/>
    <property name="user.name" value="varun.gupta"/>
    <property name="java.class.path" value="/home/varun.gupta/Desktop/eclipse-jee-oxygen/plugins/org.eclipse.m2e.maven.runtime_1.8.3.20180227-2135/jars/plexus-classworlds-2.5.2.jar"/>
    <property name="java.vm.specification.version" value="1.8"/>
    <property name="sun.arch.data.model" value="64"/>
    <property name="java.home" value="/usr/lib/jvm/java-8-oracle/jre"/>
    <property name="sun.java.command" value="org.codehaus.plexus.classworlds.launcher.Launcher -B clean install"/>
    <property name="java.specification.vendor" value="Oracle Corporation"/>
    <property name="user.language" value="en"/>
    <property name="awt.toolkit" value="sun.awt.X11.XToolkit"/>
    <property name="java.vm.info" value="mixed mode"/>
    <property name="java.version" value="1.8.0_151"/>
    <property name="java.ext.dirs" value="/usr/lib/jvm/java-8-oracle/jre/lib/ext:/usr/java/packages/lib/ext"/>
    <property name="securerandom.source" value="file:/dev/./urandom"/>
    <property name="sun.boot.class.path" value="/usr/lib/jvm/java-8-oracle/jre/lib/resources.jar:/usr/lib/jvm/java-8-oracle/jre/lib/rt.jar:/usr/lib/jvm/java-8-oracle/jre/lib/sunrsasign.jar:/usr/lib/jvm/java-8-oracle/jre/lib/jsse.jar:/usr/lib/jvm/java-8-oracle/jre/lib/jce.jar:/usr/lib/jvm/java-8-oracle/jre/lib/charsets.jar:/usr/lib/jvm/java-8-oracle/jre/lib/jfr.jar:/usr/lib/jvm/java-8-oracle/jre/classes"/>
    <property name="java.vendor" value="Oracle Corporation"/>
    <property name="maven.home" value="/home/varun.gupta/TestGIT/Cucumber/cucumber-jvm-maven-TestNG/EMBEDDED"/>
    <property name="file.separator" value="/"/>
    <property name="java.vendor.url.bug" value="http://bugreport.sun.com/bugreport/"/>
    <property name="sun.cpu.endian" value="little"/>
    <property name="sun.io.unicode.encoding" value="UnicodeLittle"/>
    <property name="sun.desktop" value="gnome"/>
    <property name="sun.cpu.isalist" value=""/>
  </properties>
  <testcase name="feature" classname="com.czeczotka.bdd.runner.RunTest" time="0.156"/>
  <testcase name="feature" classname="com.czeczotka.bdd.runner.RunTest" time="0.013">
    <failure message="java.lang.NullPointerException" type="cucumber.runtime.CucumberException">cucumber.runtime.CucumberException: java.lang.NullPointerException
	at cucumber.api.testng.TestNGCucumberRunner.runCucumber(TestNGCucumberRunner.java:69)
	at com.czeczotka.bdd.runner.RunTest.feature(RunTest.java:39)
Caused by: java.lang.NullPointerException: null
	at java.util.Hashtable.put(Hashtable.java:460)
	at java.util.Properties.setProperty(Properties.java:166)
	at java.lang.System.setProperty(System.java:796)
	at com.czeczotka.bdd.steps.Hook.openBrowser(Hook.java:15)
	at com.czeczotka.bdd.steps.loginScript.openURL(loginScript.java:20)
	at ✽.Given user launch browser(cucumber/login.feature:5)
</failure>
    <system-out><![CDATA[Feature: Test Login feature of mercury website.

  @smoketest
  Scenario: Mercury Login test with scenario & multiple logins &amp#27;[90m# cucumber/login.feature:4&amp#27;[0m
    &amp#27;[31mGiven &amp#27;[0m&amp#27;[31muser launch browser&amp#27;[0m                                  &amp#27;[90m# loginScript.openURL()&amp#27;[0m
      &amp#27;[31mjava.lang.NullPointerException
      	at java.util.Hashtable.put(Hashtable.java:460)
      	at java.util.Properties.setProperty(Properties.java:166)
      	at java.lang.System.setProperty(System.java:796)
      	at com.czeczotka.bdd.steps.Hook.openBrowser(Hook.java:15)
      	at com.czeczotka.bdd.steps.loginScript.openURL(loginScript.java:20)
      	at ✽.Given user launch browser(cucumber/login.feature:5)
      &amp#27;[0m
    &amp#27;[36mThen &amp#27;[0m&amp#27;[36muser opens application page&amp#27;[0m                           &amp#27;[90m# loginScript.launchapplication()&amp#27;[0m
    &amp#27;[36mThen &amp#27;[0m&amp#27;[36muser enters Credentials to LogIn&amp#27;[0m                      &amp#27;[90m# loginScript.login(userlist>)&amp#27;[0m
]]></system-out>
  </testcase>
  <testcase name="feature" classname="com.czeczotka.bdd.runner.RunTest" time="0.02">
    <failure message="java.lang.NullPointerException" type="cucumber.runtime.CucumberException">cucumber.runtime.CucumberException: java.lang.NullPointerException
	at cucumber.api.testng.TestNGCucumberRunner.runCucumber(TestNGCucumberRunner.java:69)
	at com.czeczotka.bdd.runner.RunTest.feature(RunTest.java:39)
Caused by: java.lang.NullPointerException: null
	at java.util.Hashtable.put(Hashtable.java:460)
	at java.util.Properties.setProperty(Properties.java:166)
	at java.lang.System.setProperty(System.java:796)
	at com.czeczotka.bdd.steps.Hook.openBrowser(Hook.java:15)
	at com.czeczotka.bdd.steps.loginScript.openURL(loginScript.java:20)
	at ✽.Given user launch browser(cucumber/loginScenarioOutline.feature:5)
</failure>
    <system-out><![CDATA[Feature: Test Login feature of mercury website.

  Scenario: Launch the browser       &amp#27;[90m# cucumber/loginScenarioOutline.feature:4&amp#27;[0m
    &amp#27;[31mGiven &amp#27;[0m&amp#27;[31muser launch browser&amp#27;[0m        &amp#27;[90m# loginScript.openURL()&amp#27;[0m
      &amp#27;[31mjava.lang.NullPointerException
      	at java.util.Hashtable.put(Hashtable.java:460)
      	at java.util.Properties.setProperty(Properties.java:166)
      	at java.lang.System.setProperty(System.java:796)
      	at com.czeczotka.bdd.steps.Hook.openBrowser(Hook.java:15)
      	at com.czeczotka.bdd.steps.loginScript.openURL(loginScript.java:20)
      	at ✽.Given user launch browser(cucumber/loginScenarioOutline.feature:5)
      &amp#27;[0m
    &amp#27;[36mThen &amp#27;[0m&amp#27;[36muser opens application page&amp#27;[0m &amp#27;[90m# loginScript.launchapplication()&amp#27;[0m

  @smoketest
  Scenario Outline: Login test with scenario outline & multiple logins    &amp#27;[90m# cucumber/loginScenarioOutline.feature:8&amp#27;[0m
    &amp#27;[36mWhen &amp#27;[0m&amp#27;[36muser logins with Username "<username>" and Password "<password>"&amp#27;[0m
    &amp#27;[36mThen &amp#27;[0m&amp#27;[36muser logins successfullly&amp#27;[0m

    Examples: 

  @smoketest
  Scenario Outline: Login test with scenario outline & multiple logins &amp#27;[90m# cucumber/loginScenarioOutline.feature:14&amp#27;[0m
    &amp#27;[31mWhen &amp#27;[0m&amp#27;[31muser logins with Username "&amp#27;[0m&amp#27;[31m&amp#27;[1ma&amp#27;[0m&amp#27;[31m" and Password "&amp#27;[0m&amp#27;[31m&amp#27;[1ma&amp#27;[0m&amp#27;[31m"&amp#27;[0m                &amp#27;[90m# loginScript.entercredentails_ScenaioOutline(String,String)&amp#27;[0m
      &amp#27;[31mjava.lang.NullPointerException
      	at com.czeczotka.bdd.steps.loginScript.entercredentails_ScenaioOutline(loginScript.java:55)
      	at ✽.When user logins with Username "a" and Password "a"(cucumber/loginScenarioOutline.feature:9)
      &amp#27;[0m
    &amp#27;[36mThen &amp#27;[0m&amp#27;[36muser logins successfullly&amp#27;[0m                                     &amp#27;[90m# loginScript.validateUserLoginsSuccessfully()&amp#27;[0m

  @smoketest
  Scenario Outline: Login test with scenario outline & multiple logins &amp#27;[90m# cucumber/loginScenarioOutline.feature:15&amp#27;[0m
    &amp#27;[31mWhen &amp#27;[0m&amp#27;[31muser logins with Username "&amp#27;[0m&amp#27;[31m&amp#27;[1mb&amp#27;[0m&amp#27;[31m" and Password "&amp#27;[0m&amp#27;[31m&amp#27;[1mb&amp#27;[0m&amp#27;[31m"&amp#27;[0m                &amp#27;[90m# loginScript.entercredentails_ScenaioOutline(String,String)&amp#27;[0m
      &amp#27;[31mjava.lang.NullPointerException
      	at com.czeczotka.bdd.steps.loginScript.entercredentails_ScenaioOutline(loginScript.java:55)
      	at ✽.When user logins with Username "b" and Password "b"(cucumber/loginScenarioOutline.feature:9)
      &amp#27;[0m
    &amp#27;[36mThen &amp#27;[0m&amp#27;[36muser logins successfullly&amp#27;[0m                                     &amp#27;[90m# loginScript.validateUserLoginsSuccessfully()&amp#27;[0m
]]></system-out>
  </testcase>
  <testcase name="feature" classname="com.czeczotka.bdd.runner.RunTest" time="0.011">
    <failure message="java.lang.NullPointerException" type="cucumber.runtime.CucumberException">cucumber.runtime.CucumberException: java.lang.NullPointerException
	at cucumber.api.testng.TestNGCucumberRunner.runCucumber(TestNGCucumberRunner.java:69)
	at com.czeczotka.bdd.runner.RunTest.feature(RunTest.java:39)
Caused by: java.lang.NullPointerException: null
	at java.util.Hashtable.put(Hashtable.java:460)
	at java.util.Properties.setProperty(Properties.java:166)
	at java.lang.System.setProperty(System.java:796)
	at com.czeczotka.bdd.steps.Hook.openBrowser(Hook.java:15)
	at com.czeczotka.bdd.steps.registration.getRegistrationPage(registration.java:24)
	at ✽.Given Im on registration page(cucumber/registration.feature:5)
</failure>
    <system-out><![CDATA[Feature: Register a new user

  @smoketest
  Scenario: Create a new user                       &amp#27;[90m# cucumber/registration.feature:4&amp#27;[0m
    &amp#27;[31mGiven &amp#27;[0m&amp#27;[31mIm on registration page&amp#27;[0m                   &amp#27;[90m# registration.getRegistrationPage()&amp#27;[0m
      &amp#27;[31mjava.lang.NullPointerException
      	at java.util.Hashtable.put(Hashtable.java:460)
      	at java.util.Properties.setProperty(Properties.java:166)
      	at java.lang.System.setProperty(System.java:796)
      	at com.czeczotka.bdd.steps.Hook.openBrowser(Hook.java:15)
      	at com.czeczotka.bdd.steps.registration.getRegistrationPage(registration.java:24)
      	at ✽.Given Im on registration page(cucumber/registration.feature:5)
      &amp#27;[0m
    &amp#27;[36mWhen &amp#27;[0m&amp#27;[36mProvide all valid values&amp#27;[0m                   &amp#27;[90m# registration.registerUser(DataTable)&amp#27;[0m
    &amp#27;[36mThen &amp#27;[0m&amp#27;[36muser registration is successful with ("&amp#27;[0m&amp#27;[36m&amp#27;[1md&amp#27;[0m&amp#27;[36m")&amp#27;[0m &amp#27;[90m# registration.registrationSuccessful(String)&amp#27;[0m
]]></system-out>
  </testcase>
</testsuite>