<?xml version="1.0" encoding="UTF-8"?>
<!-- Generated by org.testng.reporters.JUnitReportReporter -->
<testsuite hostname="WN7X64-9KQH622" name="com.czeczotka.bdd.runner.RunCalculatorTest" tests="1" failures="0" timestamp="1 May 2017 07:36:24 GMT" time="0.170" errors="0">
  <testcase name="feature" time="0.170" classname="com.czeczotka.bdd.runner.RunCalculatorTest"/>
</testsuite> <!-- com.czeczotka.bdd.runner.RunCalculatorTest -->
