<?xml version="1.0" encoding="UTF-8"?>
<!-- Generated by org.testng.reporters.JUnitReportReporter -->
<testsuite skipped="0" hostname="IBS-LAP-041" name="com.czeczotka.bdd.steps.registration" tests="1" failures="0" timestamp="16 Dec 2018 08:31:14 GMT" time="48.053" errors="0">
  <testcase name="getRegistrationPage" time="48.053" classname="com.czeczotka.bdd.steps.registration"/>
</testsuite> <!-- com.czeczotka.bdd.steps.registration -->
