<?xml version="1.0" encoding="UTF-8"?>
<!-- Generated by org.testng.reporters.JUnitReportReporter -->
<testsuite skipped="0" hostname="IBS-LAP-041" name="com.czeczotka.bdd.runner.RunTest" tests="4" failures="0" timestamp="16 Dec 2018 09:58:19 GMT" time="82.523" errors="0">
  <testcase name="feature" time="6.944" classname="com.czeczotka.bdd.runner.RunTest"/>
  <testcase name="feature" time="36.879" classname="com.czeczotka.bdd.runner.RunTest"/>
  <testcase name="feature" time="38.480" classname="com.czeczotka.bdd.runner.RunTest"/>
  <testcase name="feature" time="0.220" classname="com.czeczotka.bdd.runner.RunTest"/>
</testsuite> <!-- com.czeczotka.bdd.runner.RunTest -->
